[11:16:53] [main/INFO]: Loading Minecraft 1.21.10 with Fabric Loader 0.18.1
[11:16:53] [main/INFO]: Loading 80 mods:
	- appleskin 3.0.7+mc1.21.9
	- balm 21.10.8
	   \-- kuma_api 21.10.5
	- clearwaterlava 1
	- cloth-config 20.0.149
	   \-- cloth-basic-math 0.6.1
	- collective 8.13
	- fabric-api 0.138.3+1.21.10
	   |-- fabric-api-base 1.0.0+14b92d896f
	   |-- fabric-api-lookup-api-v1 1.6.106+d17682156f
	   |-- fabric-biome-api-v1 16.1.0+c2417d4f6f
	   |-- fabric-block-api-v1 1.1.5+d17682156f
	   |-- fabric-block-view-api-v2 1.0.34+e4fd1b926f
	   |-- fabric-command-api-v2 2.4.0+c0ab2d5d6f
	   |-- fabric-content-registries-v0 10.2.6+b6a242646f
	   |-- fabric-convention-tags-v1 2.1.49+7f945d5b6f
	   |-- fabric-convention-tags-v2 2.17.0+ff7bc77d6f
	   |-- fabric-crash-report-info-v1 0.3.18+33df5e6e6f
	   |-- fabric-data-attachment-api-v1 1.8.33+cd3b9e596f
	   |-- fabric-data-generation-api-v1 23.2.27+d8b85ef16f
	   |-- fabric-dimensions-v1 4.0.22+38b9cc196f
	   |-- fabric-entity-events-v1 2.1.13+fde3702c6f
	   |-- fabric-events-interaction-v0 4.0.36+5ba217126f
	   |-- fabric-game-rule-api-v1 1.1.1+e47eaae56f
	   |-- fabric-item-api-v1 11.5.11+9bce411b6f
	   |-- fabric-item-group-api-v1 4.2.27+86b3ae576f
	   |-- fabric-key-binding-api-v1 1.1.1+b3ba9c486f
	   |-- fabric-lifecycle-events-v1 2.6.9+33df5e6e6f
	   |-- fabric-loot-api-v2 3.0.67+3f89f5a56f
	   |-- fabric-loot-api-v3 2.0.14+d17682156f
	   |-- fabric-message-api-v1 6.1.7+3154c1c86f
	   |-- fabric-model-loading-api-v1 6.0.4+3ffd6ef06f
	   |-- fabric-networking-api-v1 5.1.0+b095d8db6f
	   |-- fabric-object-builder-api-v1 21.1.28+9bce411b6f
	   |-- fabric-particles-v1 4.2.3+a0ee59a46f
	   |-- fabric-recipe-api-v1 8.2.0+39709ef06f
	   |-- fabric-registry-sync-v0 6.1.42+679c8c5c6f
	   |-- fabric-renderer-api-v1 7.2.2+3706cdf36f
	   |-- fabric-renderer-indigo 4.1.3+d7df91576f
	   |-- fabric-rendering-fluids-v1 3.1.38+86b3ae576f
	   |-- fabric-rendering-v1 16.2.0+bee81f016f
	   |-- fabric-resource-conditions-api-v1 5.0.28+33df5e6e6f
	   |-- fabric-resource-loader-v0 3.3.1+d4d4122a6f
	   |-- fabric-resource-loader-v1 1.0.4+14959b836f
	   |-- fabric-screen-api-v1 3.1.0+9c82a7986f
	   |-- fabric-screen-handler-api-v1 1.3.151+d17682156f
	   |-- fabric-serialization-api-v1 1.0.0+d857c9766f
	   |-- fabric-sound-api-v1 1.0.45+328a75ba6f
	   |-- fabric-tag-api-v1 1.2.13+2fa446b26f
	   |-- fabric-transfer-api-v1 6.0.15+79ec2c126f
	   \-- fabric-transitive-access-wideners-v1 6.5.3+41eb43436f
	- fabricloader 0.18.1
	   \-- mixinextras 0.5.0
	- ferritecore 8.0.2
	- freecam 1.3.5+mc1.21.10
	- gammautils 2.4.8
	- horsestatsmod 3.0.0
	- immediatelyfast 1.13.2+1.21.10
	   \-- net_lenni0451_reflect 1.3.4
	- infinitetrading 4.6
	- inventoryessentials 21.10.4
	- inventoryhud 3.4.29
	- iris 1.9.6+mc1.21.9
	   |-- io_github_douira_glsl-transformer 3.0.0-pre3
	   |-- org_anarres_jcpp 1.4.14
	   \-- org_antlr_antlr4-runtime 4.13.1
	- java 21
	- jei 26.2.0.27
	- litematica 0.24.3
	- lithium 0.20.1+mc1.21.10
	- malilib 0.26.3
	- minecraft 1.21.10
	- minihud 0.37.2-sakura.1
	- modmenu 16.0.0-rc.1
	   \-- placeholder-api 2.8.0+1.21.9
	- shulkerboxtooltip 5.2.12+1.21.9
	- sodium 0.7.3+mc1.21.10
	- wi_zoom 1.6-MC1.21.10
	- xaerominimap 25.2.15
	- xaeroworldmap 1.39.17
[11:16:54] [main/INFO]: SpongePowered MIXIN Subsystem Version=0.8.7 Source=file:/C:/Users/Lenny/curseforge/minecraft/Install/libraries/net/fabricmc/sponge-mixin/0.16.5+mixin.0.8.7/sponge-mixin-0.16.5+mixin.0.8.7.jar Service=Knot/Fabric Env=CLIENT
[11:16:54] [main/INFO]: Compatibility level set to JAVA_21
[11:16:55] [main/WARN]: Reference map 'iris.refmap.json' for mixins.iris.json could not be read. If this is a development environment you can ignore this message
[11:16:55] [main/WARN]: Reference map 'iris-fabric.refmap.json' for mixins.iris.fabric.json could not be read. If this is a development environment you can ignore this message
[11:16:55] [main/WARN]: Reference map 'iris.refmap.json' for mixins.iris.fantastic.json could not be read. If this is a development environment you can ignore this message
[11:16:55] [main/WARN]: Reference map 'iris.refmap.json' for mixins.iris.vertexformat.json could not be read. If this is a development environment you can ignore this message
[11:16:55] [main/WARN]: Reference map 'iris.refmap.json' for mixins.iris.bettermipmaps.json could not be read. If this is a development environment you can ignore this message
[11:16:55] [main/WARN]: Reference map 'iris.refmap.json' for mixins.iris.compat.sodium.json could not be read. If this is a development environment you can ignore this message
[11:16:55] [main/WARN]: Reference map 'iris.refmap.json' for mixins.iris.fixes.maxfpscrash.json could not be read. If this is a development environment you can ignore this message
[11:16:55] [main/INFO]: Loaded configuration file for Lithium: 165 options available, 0 override(s) found.
[11:16:55] [main/INFO]: Loaded configuration file for Sodium: 42 options available, 1 override(s) found
[11:16:57] [main/WARN]: Force-disabling mixin 'features.render.world.sky.FogRendererMixin' as rule 'mixin.features.render.world.sky' (added by mods [iris]) disables it and children
[11:16:57] [main/WARN]: Force-disabling mixin 'features.render.world.sky.ClientLevelMixin' as rule 'mixin.features.render.world.sky' (added by mods [iris]) disables it and children
[11:16:57] [main/WARN]: Force-disabling mixin 'features.render.world.sky.LevelRendererMixin' as rule 'mixin.features.render.world.sky' (added by mods [iris]) disables it and children
[11:16:59] [main/INFO]: Searching for graphics cards...
[11:16:59] [main/INFO]: Found graphics adapter: AdapterInfo{vendor=AMD, description='AMD Radeon(TM) 610M', adapterType=0x0000232B, openglIcdFilePath='C:\WINDOWS\System32\DriverStore\FileRepository\u0419944.inf_amd64_e8cfc9b2346618e0\B419488\atig6pxx.dll', openglIcdVersion=32.0.21030.1005}
[11:17:00] [main/INFO]: Initializing MixinExtras via com.llamalad7.mixinextras.service.MixinExtrasServiceImpl(version=0.5.0).
[11:17:19] [main/INFO]: Sodium: [0.7.3+mc1.21.10], Iris: [1.9.6+mc1.21.9]
[11:17:19] [main/INFO]: Assigning MaLiLib Pipelines to Iris Programs:
[11:17:19] [main/WARN]: Found okay program match for malilib:pipeline/position_color/translucent/no_depth/no_cull: BASIC_COLOR
[11:17:19] [main/WARN]: Found okay program match for malilib:pipeline/position_color/translucent/no_depth: BASIC_COLOR
[11:17:19] [main/WARN]: Found okay program match for malilib:pipeline/position_color/translucent/lequal_depth/offset_1: BASIC_COLOR
[11:17:19] [main/WARN]: Found okay program match for malilib:pipeline/position_color/translucent/lequal_depth/offset_2: BASIC_COLOR
[11:17:19] [main/WARN]: Found okay program match for malilib:pipeline/position_color/translucent/lequal_depth/offset_3: BASIC_COLOR
[11:17:19] [main/WARN]: Found okay program match for malilib:pipeline/position_color/translucent/lequal_depth: BASIC_COLOR
[11:17:19] [main/WARN]: Found okay program match for malilib:pipeline/position_color/translucent/greater_depth: BASIC_COLOR
[11:17:19] [main/WARN]: Found okay program match for malilib:pipeline/position_color/translucent/depth_mask: BASIC_COLOR
[11:17:19] [main/WARN]: Found okay program match for malilib:pipeline/position_color/translucent: BASIC_COLOR
[11:17:19] [main/WARN]: Found okay program match for malilib:pipeline/position_color/masa/no_depth/no_cull: BASIC_COLOR
[11:17:19] [main/WARN]: Found okay program match for malilib:pipeline/position_color/masa/no_depth: BASIC_COLOR
[11:17:19] [main/WARN]: Found okay program match for malilib:pipeline/position_color/masa/lequal_depth/offset_1: BASIC_COLOR
[11:17:19] [main/WARN]: Found okay program match for malilib:pipeline/position_color/masa/lequal_depth/offset_2: BASIC_COLOR
[11:17:19] [main/WARN]: Found okay program match for malilib:pipeline/position_color/masa/lequal_depth/offset_3: BASIC_COLOR
[11:17:19] [main/WARN]: Found okay program match for malilib:pipeline/position_color/masa/lequal_depth: BASIC_COLOR
[11:17:19] [main/WARN]: Found okay program match for malilib:pipeline/position_color/masa/greater_depth: BASIC_COLOR
[11:17:19] [main/WARN]: Found okay program match for malilib:pipeline/position_color/masa/depth_mask: BASIC_COLOR
[11:17:19] [main/WARN]: Found okay program match for malilib:pipeline/position_color/masa: BASIC_COLOR
[11:17:19] [main/WARN]: Found okay program match for malilib:pipeline/position_tex_color/translucent/no_depth/no_cull: TEXTURED_COLOR
[11:17:19] [main/WARN]: Found okay program match for malilib:pipeline/position_tex_color/translucent/no_depth: TEXTURED_COLOR
[11:17:19] [main/WARN]: Found okay program match for malilib:pipeline/position_tex_color/translucent/lequal_depth/offset_1: TEXTURED_COLOR
[11:17:19] [main/WARN]: Found okay program match for malilib:pipeline/position_tex_color/translucent/lequal_depth/offset_2: TEXTURED_COLOR
[11:17:19] [main/WARN]: Found okay program match for malilib:pipeline/position_tex_color/translucent/lequal_depth/offset_3: TEXTURED_COLOR
[11:17:19] [main/WARN]: Found okay program match for malilib:pipeline/position_tex_color/translucent/lequal_depth: TEXTURED_COLOR
[11:17:19] [main/WARN]: Found okay program match for malilib:pipeline/position_tex_color/translucent/greater_depth: TEXTURED_COLOR
[11:17:19] [main/WARN]: Found okay program match for malilib:pipeline/position_tex_color/translucent/depth_mask: TEXTURED_COLOR
[11:17:19] [main/WARN]: Found okay program match for malilib:pipeline/position_tex_color/translucent: TEXTURED_COLOR
[11:17:19] [main/WARN]: Found okay program match for malilib:pipeline/position_tex_color/masa/no_depth/no_cull: TEXTURED_COLOR
[11:17:19] [main/WARN]: Found okay program match for malilib:pipeline/position_tex_color/masa/no_depth: TEXTURED_COLOR
[11:17:19] [main/WARN]: Found okay program match for malilib:pipeline/position_tex_color/masa/lequal_depth/offset_1: TEXTURED_COLOR
[11:17:19] [main/WARN]: Found okay program match for malilib:pipeline/position_tex_color/masa/lequal_depth/offset_2: TEXTURED_COLOR
[11:17:19] [main/WARN]: Found okay program match for malilib:pipeline/position_tex_color/masa/lequal_depth/offset_3: TEXTURED_COLOR
[11:17:19] [main/WARN]: Found okay program match for malilib:pipeline/position_tex_color/masa/lequal_depth: TEXTURED_COLOR
[11:17:19] [main/WARN]: Found okay program match for malilib:pipeline/position_tex_color/masa/greater_depth: TEXTURED_COLOR
[11:17:19] [main/WARN]: Found okay program match for malilib:pipeline/position_tex_color/masa/depth_mask: TEXTURED_COLOR
[11:17:19] [Datafixer Bootstrap/INFO]: 278 Datafixer optimizations took 16961 milliseconds
[11:17:19] [main/WARN]: Found okay program match for malilib:pipeline/position_tex_color/masa: TEXTURED_COLOR
[11:17:19] [main/WARN]: Found *decent* program match for malilib:pipeline/debug_lines/translucent/no_depth/no_cull: LINES
[11:17:19] [main/WARN]: Found *decent* program match for malilib:pipeline/debug_lines/translucent/no_depth: LINES
[11:17:19] [main/WARN]: Found *decent* program match for malilib:pipeline/debug_lines/translucent/no_cull: LINES
[11:17:19] [main/WARN]: Found *decent* program match for malilib:pipeline/debug_lines/translucent/lequal_depth: LINES
[11:17:19] [main/WARN]: Found *decent* program match for malilib:pipeline/debug_lines/translucent/offset_1: LINES
[11:17:19] [main/WARN]: Found *decent* program match for malilib:pipeline/debug_lines/translucent/offset_2: LINES
[11:17:19] [main/WARN]: Found *decent* program match for malilib:pipeline/debug_lines/translucent/offset_3: LINES
[11:17:19] [main/WARN]: Found *decent* program match for malilib:pipeline/debug_lines/translucent: LINES
[11:17:19] [main/WARN]: Found *decent* program match for malilib:pipeline/debug_lines/masa_simple/no_depth/no_cull: LINES
[11:17:19] [main/WARN]: Found *decent* program match for malilib:pipeline/debug_lines/masa_simple/no_depth: LINES
[11:17:19] [main/WARN]: Found *decent* program match for malilib:pipeline/debug_lines/masa_simple/no_cull: LINES
[11:17:19] [main/WARN]: Found *decent* program match for malilib:pipeline/debug_lines/masa_simple/lequal_depth: LINES
[11:17:19] [main/WARN]: Found *decent* program match for malilib:pipeline/debug_lines/masa_simple/offset_1: LINES
[11:17:19] [main/WARN]: Found *decent* program match for malilib:pipeline/debug_lines/masa_simple/offset_2: LINES
[11:17:19] [main/WARN]: Found *decent* program match for malilib:pipeline/debug_lines/masa_simple/offset_3: LINES
[11:17:19] [main/WARN]: Found *decent* program match for malilib:pipeline/debug_lines/masa_simple: LINES
[11:17:19] [main/WARN]: Found *decent* program match for malilib:pipeline/debug_line_strip/translucent/no_depth/no_cull: LINES
[11:17:19] [main/WARN]: Found *decent* program match for malilib:pipeline/debug_line_strip/translucent/no_depth: LINES
[11:17:19] [main/WARN]: Found *decent* program match for malilib:pipeline/debug_line_strip/translucent/no_cull: LINES
[11:17:19] [main/WARN]: Found *decent* program match for malilib:pipeline/debug_line_strip/translucent/offset_1: LINES
[11:17:19] [main/WARN]: Found *decent* program match for malilib:pipeline/debug_line_strip/translucent/offset_2: LINES
[11:17:19] [main/WARN]: Found *decent* program match for malilib:pipeline/debug_line_strip/translucent/offset_3: LINES
[11:17:19] [main/WARN]: Found *decent* program match for malilib:pipeline/debug_line_strip/translucent: LINES
[11:17:19] [main/WARN]: Found *decent* program match for malilib:pipeline/debug_line_strip/masa_simple/no_depth/no_cull: LINES
[11:17:19] [main/WARN]: Found *decent* program match for malilib:pipeline/debug_line_strip/masa_simple/no_depth: LINES
[11:17:19] [main/WARN]: Found *decent* program match for malilib:pipeline/debug_line_strip/masa_simple/no_cull: LINES
[11:17:19] [main/WARN]: Found *decent* program match for malilib:pipeline/debug_line_strip/masa_simple/offset_1: LINES
[11:17:19] [main/WARN]: Found *decent* program match for malilib:pipeline/debug_line_strip/masa_simple/offset_2: LINES
[11:17:19] [main/WARN]: Found *decent* program match for malilib:pipeline/debug_line_strip/masa_simple/offset_3: LINES
[11:17:19] [main/WARN]: Found *decent* program match for malilib:pipeline/debug_line_strip/masa_simple: LINES
[11:17:19] [main/WARN]: Found *decent* program match for malilib:pipeline/solid/masa/offset: TERRAIN_SOLID
[11:17:19] [main/WARN]: Found *decent* program match for malilib:pipeline/wireframe/masa/offset: LINES
[11:17:19] [main/WARN]: Found fine program match for malilib:pipeline/cutout_mipped/masa/offset: TERRAIN_CUTOUT
[11:17:19] [main/WARN]: Found fine program match for malilib:pipeline/cutout/masa/offset: TERRAIN_CUTOUT
[11:17:19] [main/WARN]: Found *decent* program match for malilib:pipeline/translucent/masa/offset: TERRAIN_TRANSLUCENT
[11:17:19] [main/WARN]: Found *decent* program match for malilib:pipeline/tripwire/masa/offset: TERRAIN_TRANSLUCENT
[11:17:19] [main/WARN]: Found *decent* program match for malilib:pipeline/solid/masa: TERRAIN_SOLID
[11:17:19] [main/WARN]: Found *decent* program match for malilib:pipeline/wireframe/masa: LINES
[11:17:19] [main/WARN]: Found fine program match for malilib:pipeline/cutout_mipped/masa: TERRAIN_CUTOUT
[11:17:19] [main/WARN]: Found fine program match for malilib:pipeline/cutout/masa: TERRAIN_CUTOUT
[11:17:19] [main/WARN]: Found *decent* program match for malilib:pipeline/translucent/masa: TERRAIN_TRANSLUCENT
[11:17:19] [main/WARN]: Found *decent* program match for malilib:pipeline/tripwire/masa: TERRAIN_TRANSLUCENT
[11:17:19] [main/WARN]: Found okay program match for malilib:pipeline/minihud/shape/no_depth/offset: BASIC_COLOR
[11:17:19] [main/WARN]: Found okay program match for malilib:pipeline/minihud/shape/no_depth: BASIC_COLOR
[11:17:19] [main/WARN]: Found okay program match for malilib:pipeline/minihud/shape/offset: BASIC_COLOR
[11:17:19] [main/WARN]: Found okay program match for malilib:pipeline/minihud/shape/depth_mask: BASIC_COLOR
[11:17:19] [main/WARN]: Found okay program match for malilib:pipeline/minihud/shape: BASIC_COLOR
[11:17:19] [main/WARN]: Found okay program match for malilib:pipeline/gui_overlay: BASIC_COLOR
[11:17:19] [main/INFO]: Completely ignored arguments: [, , ]
[11:17:20] [Render thread/INFO]: Environment: Environment[sessionHost=https://sessionserver.mojang.com, servicesHost=https://api.minecraftservices.com, profilesHost=https://api.mojang.com, name=PROD]
[11:17:20] [Render thread/INFO]: Setting user: CT_Fluxy
[11:17:21] [Render thread/INFO]: Loading Collective version 8.13.
[11:17:22] [Render thread/INFO]: [ShulkerBoxTooltip] Could not find configuration file, creating default file
[11:17:23] [Render thread/INFO]: [STDOUT]: Starting WI Zoom v1.6-MC1.21.10
[11:17:23] [Render thread/INFO]: [Indigo] Different rendering plugin detected; not applying Indigo.
[11:17:23] [Render thread/INFO]: [STDOUT]: Inventory HUD + has been initialized!
[11:17:23] [Render thread/INFO]: Sending ConfigManager...
[11:17:23] [Render thread/INFO]: Sending ConfigManager took 2.977 milliseconds
[11:17:24] [Render thread/INFO]: Checking mod updates...
[11:17:24] [Render thread/INFO]: Loading Xaero's Minimap - Stage 1/2
[11:17:25] [Worker-Main-1/INFO]: Update available for 'wi_zoom@1.6-MC1.21.10', (-> 1.7-MC1.21.10)
[11:17:25] [Worker-Main-1/INFO]: Update available for 'litematica@0.24.3', (-> 0.24.5)
[11:17:25] [Worker-Main-1/INFO]: Update available for 'malilib@0.26.3', (-> 0.26.6)
[11:17:25] [Render thread/INFO]: Loading Xaero's World Map - Stage 1/2
[11:17:28] [Thread-4/WARN]: [Iris Update Check] This version doesn't have an update index, skipping.
[11:17:28] [Render thread/INFO]: Backend library: LWJGL version 3.3.3-snapshot
[11:17:30] [Render thread/INFO]: Initializing ImmediatelyFast 1.13.2+1.21.10 on AMD Radeon(TM) 610M (ATI Technologies Inc.) with OpenGL 3.3.0 Core Profile Context 25.10.30.01.250923
[11:17:30] [Render thread/INFO]: Found Iris/Oculus 1.9.6+mc1.21.9. Enabling compatibility.
[11:17:30] [Render thread/INFO]: Debug functionality is disabled.
[11:17:30] [Render thread/INFO]: ARB_direct_state_access detected, enabling DSA.
[11:17:31] [Render thread/INFO]: Shaders are disabled because no valid shaderpack is selected
[11:17:31] [Render thread/INFO]: OpenGL Vendor: ATI Technologies Inc.
[11:17:31] [Render thread/INFO]: OpenGL Renderer: AMD Radeon(TM) 610M
[11:17:31] [Render thread/INFO]: OpenGL Version: 3.3.0 Core Profile Context 25.10.30.01.250923
[11:17:31] [Render thread/INFO]: Using optional rendering extensions: GL_ARB_buffer_storage, GL_KHR_debug, GL_ARB_vertex_attrib_binding, GL_ARB_direct_state_access
[11:17:31] [Render thread/ERROR]: Couldn't load file/NewGlowingOres-§6[Border]§r.zip pack metadata: Pack declares support for version newer than 64, but is missing mandatory fields min_format and max_format
[11:17:35] [Render thread/INFO]: Hardware information:
[11:17:35] [Render thread/INFO]: CPU: 2x AMD Athlon Silver 7120U with Radeon Graphics 
[11:17:35] [Render thread/INFO]: GPU: AMD Radeon(TM) 610M (Supports OpenGL 3.3.0 Core Profile Context 25.10.30.01.250923)
[11:17:35] [Render thread/INFO]: OS: Windows 11 (10.0)
[11:17:35] [Render thread/WARN]: onRegisterSpecialGuiRenderer():
[11:17:35] [Render thread/INFO]: [STDOUT]: InvGUI Initialized
[11:17:35] [Render thread/INFO]: Reloading ResourceManager: vanilla, fabric, appleskin, balm, cloth-config, fabric-api, fabric-api-base, fabric-api-lookup-api-v1, fabric-biome-api-v1, fabric-block-api-v1, fabric-block-view-api-v2, fabric-command-api-v2, fabric-content-registries-v0, fabric-convention-tags-v1, fabric-convention-tags-v2, fabric-crash-report-info-v1, fabric-data-attachment-api-v1, fabric-data-generation-api-v1, fabric-dimensions-v1, fabric-entity-events-v1, fabric-events-interaction-v0, fabric-game-rule-api-v1, fabric-item-api-v1, fabric-item-group-api-v1, fabric-key-binding-api-v1, fabric-lifecycle-events-v1, fabric-loot-api-v2, fabric-loot-api-v3, fabric-message-api-v1, fabric-model-loading-api-v1, fabric-networking-api-v1, fabric-object-builder-api-v1, fabric-particles-v1, fabric-recipe-api-v1, fabric-registry-sync-v0, fabric-renderer-api-v1, fabric-renderer-indigo, fabric-rendering-fluids-v1, fabric-rendering-v1, fabric-resource-conditions-api-v1, fabric-resource-loader-v0, fabric-resource-loader-v1, fabric-screen-api-v1, fabric-screen-handler-api-v1, fabric-serialization-api-v1, fabric-sound-api-v1, fabric-tag-api-v1, fabric-transfer-api-v1, fabric-transitive-access-wideners-v1, fabricloader, freecam, gammautils, horsestatsmod, immediatelyfast, inventoryessentials, inventoryhud, iris, jei, litematica, lithium, malilib, minihud, modmenu, placeholder-api, shulkerboxtooltip, sodium, wi_zoom, xaerominimap, xaeroworldmap, file/Blue Netherite[1.2.1] (2).zip, file/Low Shield.zip, file/LowOnFire v1.21.9§8.zip, file/NewGlowingOres-§6[Border]§r.zip, file/skinmc-ct_fluxy-totem-pack.zip
[11:17:37] [Render thread/INFO]: Loading Xaero's World Map - Stage 2/2
[11:17:37] [Render thread/INFO]: New world map region cache hash code: 1888304419
[11:17:37] [Render thread/INFO]: Registered player tracker system: map_synced
[11:17:37] [Render thread/INFO]: Xaero's WorldMap Mod: Xaero's minimap found!
[11:17:37] [Render thread/INFO]: Registered player tracker system: minimap_synced
[11:17:37] [Render thread/INFO]: No Optifine!
[11:17:37] [Render thread/INFO]: Xaero's World Map: No Vivecraft!
[11:17:37] [Render thread/INFO]: Xaero's World Map: Iris found!
[11:17:37] [Render thread/WARN]: Unable to read property: level with value: "0" for blockstate: {Name:"minecraft:water_cauldron",Properties:{level:"0"}}
[11:17:37] [Render thread/INFO]: Loading Xaero's Minimap - Stage 2/2
[11:17:38] [Worker-Main-1/INFO]: Found unifont_all_no_pua-16.0.03.hex, loading
[11:17:39] [Worker-Main-1/INFO]: Found unifont_jp_patch-16.0.03.hex, loading
[11:17:39] [Worker-Main-1/INFO]: Found unifont_pua-16.0.03.hex, loading
[11:17:39] [Render thread/INFO]: Registered player tracker system: minimap_synced
[11:17:39] [Render thread/INFO]: Xaero's Minimap: World Map found!
[11:17:39] [Render thread/INFO]: No Optifine!
[11:17:39] [Render thread/INFO]: Xaero's Minimap: No Vivecraft!
[11:17:39] [Render thread/INFO]: Xaero's Minimap: Iris found!
[11:17:44] [Render thread/INFO]: OpenAL initialized on device OpenAL Soft on Casque (Urbanista Santiago)
[11:17:44] [Render thread/INFO]: Sound engine started
[11:17:44] [Render thread/INFO]: Created: 512x256x0 minecraft:textures/atlas/particles.png-atlas
[11:17:44] [Render thread/INFO]: Created: 128x64x0 minecraft:textures/atlas/decorated_pot.png-atlas
[11:17:44] [Render thread/INFO]: Created: 2048x1024x0 minecraft:textures/atlas/armor_trims.png-atlas
[11:17:44] [Render thread/INFO]: Created: 512x256x0 minecraft:textures/atlas/paintings.png-atlas
[11:17:44] [Render thread/INFO]: Created: 512x512x0 minecraft:textures/atlas/shield_patterns.png-atlas
[11:17:44] [Render thread/INFO]: Created: 1024x1024x4 minecraft:textures/atlas/blocks.png-atlas
[11:17:44] [Render thread/INFO]: Created: 512x256x0 minecraft:textures/atlas/chest.png-atlas
[11:17:44] [Render thread/INFO]: Created: 512x512x0 minecraft:textures/atlas/banner_patterns.png-atlas
[11:17:44] [Render thread/INFO]: Created: 512x256x0 minecraft:textures/atlas/beds.png-atlas
[11:17:44] [Render thread/INFO]: Created: 1024x1024x0 minecraft:textures/atlas/gui.png-atlas
[11:17:44] [Render thread/INFO]: Created: 64x64x0 minecraft:textures/atlas/map_decorations.png-atlas
[11:17:44] [Render thread/INFO]: Created: 256x256x0 minecraft:textures/atlas/signs.png-atlas
[11:17:44] [Render thread/INFO]: Created: 512x256x0 minecraft:textures/atlas/shulker_boxes.png-atlas
[11:17:45] [Render thread/INFO]: Created: 256x256x0 jei:textures/atlas/gui.png-atlas
[11:17:45] [Render thread/INFO]: Creating pipeline for dimension minecraft:overworld
[11:18:00] [Render thread/INFO]: Loaded 1461 recipes
[11:18:00] [Render thread/INFO]: Loaded 1574 advancements
[11:18:01] [Render thread/INFO]: Applied 0 biome modifications to 0 of 65 new biomes in 6.213 ms
[11:18:01] [Server thread/INFO]: Starting integrated minecraft server version 1.21.10
[11:18:01] [Server thread/INFO]: Generating keypair
[11:18:02] [Server thread/INFO]: Loading 0 persistent chunks...
[11:18:02] [Server thread/INFO]: Préparation de la zone d'apparition : 16 %
[11:18:04] [Server thread/INFO]: Loading 49 chunks for player spawn...
[11:18:04] [Server thread/INFO]: Préparation de la zone d'apparition : 16 %
[11:18:04] [Server thread/INFO]: Préparation de la zone d'apparition : 16 %
[11:18:04] [Server thread/INFO]: Préparation de la zone d'apparition : 16 %
[11:18:04] [Server thread/INFO]: Préparation de la zone d'apparition : 16 %
[11:18:05] [Server thread/INFO]: Préparation de la zone d'apparition : 16 %
[11:18:05] [Server thread/INFO]: Préparation de la zone d'apparition : 16 %
[11:18:06] [Server thread/INFO]: Time elapsed: 3412 ms
[11:18:07] [Server thread/INFO]: CT_Fluxy[local:E:ba665d5c] logged in with entity id 30 at (110.69930374019943, 4.743171269368531, 246.22501910840353)
[11:18:07] [Render thread/INFO]: New Xaero hud session initialized!
[11:18:07] [Server thread/INFO]: CT_Fluxy a rejoint la partie
[11:18:07] [Render thread/INFO]: New world map session initialized!
[11:18:07] [Render thread/INFO]: Reloading pipeline on dimension change: minecraft:overworld => minecraft:overworld
[11:18:07] [Render thread/INFO]: Destroying pipeline minecraft:overworld
[11:18:07] [Render thread/INFO]: Creating pipeline for dimension minecraft:overworld
[11:18:08] [Render thread/INFO]: Started 1 worker threads
[11:18:08] [Render thread/INFO]: [ShulkerBoxTooltip Plugins] Loading 1 plugin: shulkerboxtooltip
[11:18:08] [Server thread/INFO]: Changing view distance to 6, from 10
[11:18:08] [Render thread/INFO]: [ShulkerBoxTooltip Plugins] Registered 19 color keys for mod shulkerboxtooltip
[11:18:08] [Server thread/INFO]: Changing simulation distance to 6, from 0
[11:18:08] [Render thread/INFO]: [ShulkerBoxTooltip Plugins] Registered 51 providers for mod shulkerboxtooltip
[11:18:08] [Server thread/WARN]: Can't keep up! Is the server overloaded? Running 2344ms or 46 ticks behind
[11:18:08] [InventoryHUD+ version check/INFO]: [STDOUT]: [InventoryHUD+] Can't find update string
[11:18:08] [Render thread/INFO]: Using 3 total BufferAllocator caches
[11:18:09] [Render thread/WARN]: Unable to read property: west with value: "false" for blockstate: {Name:"minecraft:cobblestone_wall",Properties:{east:"false",north:"false",south:"false",up:"false",west:"false"}}
[11:18:09] [Render thread/WARN]: Unable to read property: east with value: "false" for blockstate: {Name:"minecraft:cobblestone_wall",Properties:{east:"false",north:"false",south:"false",up:"false",west:"false"}}
[11:18:09] [Render thread/WARN]: Unable to read property: south with value: "false" for blockstate: {Name:"minecraft:cobblestone_wall",Properties:{east:"false",north:"false",south:"false",up:"false",west:"false"}}
[11:18:09] [Render thread/WARN]: Unable to read property: north with value: "false" for blockstate: {Name:"minecraft:cobblestone_wall",Properties:{east:"false",north:"false",south:"false",up:"false",west:"false"}}
[11:18:09] [Render thread/WARN]: Unable to read property: west with value: "false" for blockstate: {Name:"minecraft:mossy_cobblestone_wall",Properties:{east:"false",north:"false",south:"false",up:"false",west:"false"}}
[11:18:09] [Render thread/WARN]: Unable to read property: east with value: "false" for blockstate: {Name:"minecraft:mossy_cobblestone_wall",Properties:{east:"false",north:"false",south:"false",up:"false",west:"false"}}
[11:18:09] [Render thread/WARN]: Unable to read property: south with value: "false" for blockstate: {Name:"minecraft:mossy_cobblestone_wall",Properties:{east:"false",north:"false",south:"false",up:"false",west:"false"}}
[11:18:09] [Render thread/WARN]: Unable to read property: north with value: "false" for blockstate: {Name:"minecraft:mossy_cobblestone_wall",Properties:{east:"false",north:"false",south:"false",up:"false",west:"false"}}
[11:18:09] [Render thread/INFO]: Starting JEI...
[11:18:09] [Render thread/INFO]: Registering item subtypes...
[11:18:09] [Render thread/INFO]: Registering item subtypes took 4.705 milliseconds
[11:18:09] [Render thread/INFO]: Registering fluid subtypes...
[11:18:09] [Render thread/INFO]: Registering fluid subtypes took 1.581 milliseconds
[11:18:09] [Render thread/INFO]: Registering ingredients...
[11:18:10] [Render thread/INFO]: Registering ingredients: jei:minecraft took 673.0 milliseconds
[11:18:10] [Render thread/INFO]: Registering ingredients took 674.0 milliseconds
[11:18:10] [Render thread/INFO]: Registering extra ingredients...
[11:18:10] [Render thread/INFO]: Registering extra ingredients took 2.224 milliseconds
[11:18:10] [Render thread/INFO]: Registering search ingredient aliases...
[11:18:10] [Render thread/INFO]: Registering search ingredient aliases took 1.149 milliseconds
[11:18:10] [Render thread/INFO]: Registering Mod Info...
[11:18:10] [Render thread/INFO]: Registering Mod Info took 1.606 milliseconds
[11:18:10] [Render thread/INFO]: Registering categories...
[11:18:10] [Render thread/INFO]: Registering categories: jei:minecraft took 28.35 milliseconds
[11:18:10] [Render thread/INFO]: Registering categories took 33.75 milliseconds
[11:18:10] [Render thread/INFO]: Registering vanilla category extensions...
[11:18:10] [Render thread/INFO]: Registering vanilla category extensions took 7.524 milliseconds
[11:18:10] [Render thread/INFO]: Registering recipe catalysts...
[11:18:10] [Render thread/INFO]: Registering recipe catalysts took 3.032 milliseconds
[11:18:10] [Render thread/INFO]: Building recipe registry...
[11:18:10] [Render thread/INFO]: Building recipe registry took 44.61 milliseconds
[11:18:10] [Render thread/INFO]: Registering advanced plugins...
[11:18:10] [Render thread/INFO]: Registering advanced plugins took 1.619 milliseconds
[11:18:10] [Render thread/INFO]: Registering recipes...
[11:18:12] [Render thread/INFO]: Registering recipes: jei:minecraft took 1.987 seconds
[11:18:12] [Render thread/INFO]: Registering recipes took 1.991 seconds
[11:18:12] [Render thread/INFO]: Registering recipes transfer handlers...
[11:18:12] [Render thread/INFO]: Registering recipes transfer handlers took 4.462 milliseconds
[11:18:12] [Render thread/INFO]: Building runtime...
[11:18:12] [Render thread/INFO]: inventoryessentials.mixins.json:CreativeModeInventoryScreenAccessor from mod inventoryessentials->@Accessor[FIELD_GETTER]::getCONTAINER()Lnet/minecraft/class_1277; should be static as its target is
[11:18:12] [Render thread/INFO]: Registering gui handlers...
[11:18:12] [Render thread/INFO]: Registering gui handlers: jei:minecraft took 26.98 milliseconds
[11:18:12] [Render thread/INFO]: Registering gui handlers: jei:gui took 14.34 milliseconds
[11:18:12] [Render thread/INFO]: Registering gui handlers took 43.70 milliseconds
[11:18:12] [Render thread/INFO]: Registering Runtime...
[11:18:12] [Render thread/INFO]: Starting JEI GUI
[11:18:12] [Render thread/INFO]: Building ingredient list...
[11:18:12] [Render thread/INFO]: Building ingredient list took 117.9 milliseconds
[11:18:12] [Render thread/INFO]: Building ingredient filter...
[11:18:12] [Render thread/INFO]: Adding 1844 ingredients
[11:18:14] [Render thread/INFO]: Added 1844 ingredients
[11:18:14] [Render thread/INFO]: Building ingredient filter took 1.651 seconds
[11:18:14] [Render thread/INFO]: Registering Runtime: jei:fabric_gui took 2.150 seconds
[11:18:14] [Render thread/INFO]: Registering Runtime took 2.171 seconds
[11:18:14] [Render thread/INFO]: Building runtime took 2.252 seconds
[11:18:14] [Render thread/INFO]: Sending Runtime...
[11:18:14] [Render thread/INFO]: Sending Runtime took 419.9 microseconds
[11:18:14] [Render thread/INFO]: Starting JEI took 5.257 seconds
[11:18:14] [Render thread/INFO]: Minimap updated server level id: -214512938 for world ResourceKey[minecraft:dimension / minecraft:overworld]
[11:18:14] [Render thread/INFO]: Loaded 85 advancements
[11:18:16] [Render thread/INFO]: [ShulkerBoxTooltip] Server integration enabled, attempting handshake...
[11:18:16] [Server thread/INFO]: [ShulkerBoxTooltip] CT_Fluxy: protocol version: 2.0
[11:18:16] [Render thread/INFO]: Resizing Dynamic Transforms UBO, capacity limit of 2 reached during a single frame. New capacity will be 4.
[11:18:17] [Render thread/INFO]: Resizing Dynamic Transforms UBO, capacity limit of 4 reached during a single frame. New capacity will be 8.
[11:18:17] [Render thread/INFO]: [ShulkerBoxTooltip] Handshake succeeded
[11:18:17] [Render thread/INFO]: [ShulkerBoxTooltip] Server protocol version: 2.0
[11:18:18] [Render thread/INFO]: Resizing Dynamic Transforms UBO, capacity limit of 8 reached during a single frame. New capacity will be 16.
[11:18:20] [Render thread/INFO]: Reloading radar icon resources...
[11:18:20] [Render thread/INFO]: Reloaded radar icon resources!
[11:18:20] [Render thread/INFO]: Resizing Dynamic Transforms UBO, capacity limit of 16 reached during a single frame. New capacity will be 32.
[11:18:29] [Server thread/WARN]: Can't keep up! Is the server overloaded? Running 2687ms or 53 ticks behind
[11:18:36] [Server thread/INFO]: [CT_Fluxy : Le temps a été fixé à 1000 ticks]
[11:18:36] [Render thread/INFO]: [System] [CHAT] Le temps a été fixé à 1000 ticks
[11:18:44] [Server thread/INFO]: [CT_Fluxy : Le temps s'éclaircit]
[11:18:44] [Render thread/INFO]: [System] [CHAT] Le temps s'éclaircit
[11:18:56] [Server thread/INFO]: Saving and pausing game...
[11:18:56] [Server thread/INFO]: Saving chunks for level 'ServerLevel[New World]'/minecraft:overworld
[11:18:56] [Server thread/INFO]: Saving chunks for level 'ServerLevel[New World]'/minecraft:the_end
[11:18:56] [Server thread/INFO]: Saving chunks for level 'ServerLevel[New World]'/minecraft:the_nether
[11:19:39] [Render thread/INFO]: Loaded 92 advancements
[11:19:45] [Server thread/INFO]: Saving and pausing game...
[11:19:46] [Server thread/INFO]: Saving chunks for level 'ServerLevel[New World]'/minecraft:overworld
[11:19:46] [Server thread/INFO]: Saving chunks for level 'ServerLevel[New World]'/minecraft:the_end
[11:19:46] [Server thread/INFO]: Saving chunks for level 'ServerLevel[New World]'/minecraft:the_nether
[11:20:15] [Server thread/INFO]: Saving and pausing game...
[11:20:15] [Server thread/INFO]: Saving chunks for level 'ServerLevel[New World]'/minecraft:overworld
[11:20:15] [Server thread/INFO]: Saving chunks for level 'ServerLevel[New World]'/minecraft:the_end
[11:20:15] [Server thread/INFO]: Saving chunks for level 'ServerLevel[New World]'/minecraft:the_nether
[11:20:42] [Server thread/INFO]: Saving and pausing game...
[11:20:42] [Server thread/INFO]: Saving chunks for level 'ServerLevel[New World]'/minecraft:overworld
[11:20:42] [Server thread/INFO]: Saving chunks for level 'ServerLevel[New World]'/minecraft:the_end
[11:20:42] [Server thread/INFO]: Saving chunks for level 'ServerLevel[New World]'/minecraft:the_nether
[11:20:59] [Server thread/INFO]: Saving and pausing game...
[11:20:59] [Server thread/INFO]: Saving chunks for level 'ServerLevel[New World]'/minecraft:overworld
[11:20:59] [Server thread/INFO]: Saving chunks for level 'ServerLevel[New World]'/minecraft:the_end
[11:20:59] [Server thread/INFO]: Saving chunks for level 'ServerLevel[New World]'/minecraft:the_nether
[11:21:51] [Server thread/INFO]: Saving and pausing game...
[11:21:51] [Server thread/INFO]: Saving chunks for level 'ServerLevel[New World]'/minecraft:overworld
[11:21:51] [Server thread/INFO]: Saving chunks for level 'ServerLevel[New World]'/minecraft:the_end
[11:21:51] [Server thread/INFO]: Saving chunks for level 'ServerLevel[New World]'/minecraft:the_nether
[11:21:55] [Server thread/INFO]: Saving and pausing game...
[11:21:55] [Server thread/INFO]: Saving chunks for level 'ServerLevel[New World]'/minecraft:overworld
[11:21:55] [Server thread/INFO]: Saving chunks for level 'ServerLevel[New World]'/minecraft:the_end
[11:21:55] [Server thread/INFO]: Saving chunks for level 'ServerLevel[New World]'/minecraft:the_nether
[11:22:16] [Server thread/INFO]: Saving and pausing game...
[11:22:16] [Server thread/INFO]: Saving chunks for level 'ServerLevel[New World]'/minecraft:overworld
[11:22:16] [Server thread/INFO]: Saving chunks for level 'ServerLevel[New World]'/minecraft:the_end
[11:22:16] [Server thread/INFO]: Saving chunks for level 'ServerLevel[New World]'/minecraft:the_nether
[11:22:44] [Server thread/INFO]: Saving and pausing game...
[11:22:44] [Server thread/INFO]: Saving chunks for level 'ServerLevel[New World]'/minecraft:overworld
[11:22:44] [Server thread/INFO]: Saving chunks for level 'ServerLevel[New World]'/minecraft:the_end
[11:22:44] [Server thread/INFO]: Saving chunks for level 'ServerLevel[New World]'/minecraft:the_nether
[11:22:44] [Render thread/WARN]: Warning! Mod clearwaterlava has a broken icon, loading default icon
[11:25:13] [Server thread/INFO]: Saving and pausing game...
[11:25:13] [Server thread/INFO]: Saving chunks for level 'ServerLevel[New World]'/minecraft:overworld
[11:25:13] [Server thread/INFO]: Saving chunks for level 'ServerLevel[New World]'/minecraft:the_end
[11:25:13] [Server thread/INFO]: Saving chunks for level 'ServerLevel[New World]'/minecraft:the_nether
[11:27:12] [Server thread/INFO]: Saving and pausing game...
[11:27:12] [Server thread/INFO]: Saving chunks for level 'ServerLevel[New World]'/minecraft:overworld
[11:27:12] [Server thread/INFO]: Saving chunks for level 'ServerLevel[New World]'/minecraft:the_end
[11:27:12] [Server thread/INFO]: Saving chunks for level 'ServerLevel[New World]'/minecraft:the_nether
[11:27:32] [Server thread/INFO]: Saving and pausing game...
[11:27:32] [Server thread/INFO]: Saving chunks for level 'ServerLevel[New World]'/minecraft:overworld
[11:27:32] [Server thread/INFO]: Saving chunks for level 'ServerLevel[New World]'/minecraft:the_end
[11:27:32] [Server thread/INFO]: Saving chunks for level 'ServerLevel[New World]'/minecraft:the_nether
[11:28:07] [Render thread/INFO]: Resizing Dynamic Transforms UBO, capacity limit of 32 reached during a single frame. New capacity will be 64.
[11:28:21] [Server thread/INFO]: Saving and pausing game...
[11:28:21] [Server thread/INFO]: Saving chunks for level 'ServerLevel[New World]'/minecraft:overworld
[11:28:21] [Server thread/INFO]: Saving chunks for level 'ServerLevel[New World]'/minecraft:the_end
[11:28:21] [Server thread/INFO]: Saving chunks for level 'ServerLevel[New World]'/minecraft:the_nether
[11:30:12] [Server thread/INFO]: Saving and pausing game...
[11:30:12] [Server thread/INFO]: Saving chunks for level 'ServerLevel[New World]'/minecraft:overworld
[11:30:12] [Server thread/INFO]: Saving chunks for level 'ServerLevel[New World]'/minecraft:the_end
[11:30:12] [Server thread/INFO]: Saving chunks for level 'ServerLevel[New World]'/minecraft:the_nether
[11:30:31] [Server thread/INFO]: Saving and pausing game...
[11:30:31] [Server thread/INFO]: Saving chunks for level 'ServerLevel[New World]'/minecraft:overworld
[11:30:31] [Server thread/INFO]: Saving chunks for level 'ServerLevel[New World]'/minecraft:the_end
[11:30:31] [Server thread/INFO]: Saving chunks for level 'ServerLevel[New World]'/minecraft:the_nether
[11:31:46] [Server thread/INFO]: Saving and pausing game...
[11:31:46] [Server thread/INFO]: Saving chunks for level 'ServerLevel[New World]'/minecraft:overworld
[11:31:46] [Server thread/INFO]: Saving chunks for level 'ServerLevel[New World]'/minecraft:the_end
[11:31:46] [Server thread/INFO]: Saving chunks for level 'ServerLevel[New World]'/minecraft:the_nether
[11:31:58] [Render thread/ERROR]: Couldn't load file/NewGlowingOres-§6[Border]§r.zip pack metadata: Pack declares support for version newer than 64, but is missing mandatory fields min_format and max_format
[11:31:58] [Render thread/INFO]: Reloading ResourceManager: vanilla, fabric, appleskin, balm, cloth-config, fabric-api, fabric-api-base, fabric-api-lookup-api-v1, fabric-biome-api-v1, fabric-block-api-v1, fabric-block-view-api-v2, fabric-command-api-v2, fabric-content-registries-v0, fabric-convention-tags-v1, fabric-convention-tags-v2, fabric-crash-report-info-v1, fabric-data-attachment-api-v1, fabric-data-generation-api-v1, fabric-dimensions-v1, fabric-entity-events-v1, fabric-events-interaction-v0, fabric-game-rule-api-v1, fabric-item-api-v1, fabric-item-group-api-v1, fabric-key-binding-api-v1, fabric-lifecycle-events-v1, fabric-loot-api-v2, fabric-loot-api-v3, fabric-message-api-v1, fabric-model-loading-api-v1, fabric-networking-api-v1, fabric-object-builder-api-v1, fabric-particles-v1, fabric-recipe-api-v1, fabric-registry-sync-v0, fabric-renderer-api-v1, fabric-renderer-indigo, fabric-rendering-fluids-v1, fabric-rendering-v1, fabric-resource-conditions-api-v1, fabric-resource-loader-v0, fabric-resource-loader-v1, fabric-screen-api-v1, fabric-screen-handler-api-v1, fabric-serialization-api-v1, fabric-sound-api-v1, fabric-tag-api-v1, fabric-transfer-api-v1, fabric-transitive-access-wideners-v1, fabricloader, freecam, gammautils, horsestatsmod, immediatelyfast, inventoryessentials, inventoryhud, iris, jei, litematica, lithium, malilib, minihud, modmenu, placeholder-api, shulkerboxtooltip, sodium, wi_zoom, xaerominimap, xaeroworldmap, file/Blue Netherite[1.2.1] (2).zip, file/Low Shield.zip, file/LowOnFire v1.21.9§8.zip, file/NewGlowingOres-§6[Border]§r.zip, file/skinmc-ct_fluxy-totem-pack.zip
[11:32:02] [Worker-Main-3/INFO]: Found unifont_all_no_pua-16.0.03.hex, loading
[11:32:02] [Worker-Main-3/INFO]: Found unifont_jp_patch-16.0.03.hex, loading
[11:32:02] [Worker-Main-3/INFO]: Found unifont_pua-16.0.03.hex, loading
[11:32:09] [Render thread/INFO]: OpenAL initialized on device OpenAL Soft on Casque (Urbanista Santiago)
[11:32:09] [Render thread/INFO]: Sound engine started
[11:32:09] [Render thread/INFO]: Created: 512x256x0 minecraft:textures/atlas/particles.png-atlas
[11:32:09] [Render thread/INFO]: Created: 128x64x0 minecraft:textures/atlas/decorated_pot.png-atlas
[11:32:09] [Render thread/INFO]: Created: 2048x1024x0 minecraft:textures/atlas/armor_trims.png-atlas
[11:32:09] [Render thread/INFO]: Created: 512x256x0 minecraft:textures/atlas/paintings.png-atlas
[11:32:09] [Render thread/INFO]: Created: 512x512x0 minecraft:textures/atlas/shield_patterns.png-atlas
[11:32:09] [Render thread/INFO]: Created: 1024x1024x4 minecraft:textures/atlas/blocks.png-atlas
[11:32:09] [Render thread/INFO]: Radar icon manager reset!
[11:32:09] [Render thread/INFO]: Reloading radar icon resources...
[11:32:09] [Render thread/INFO]: Reloaded radar icon resources!
[11:32:09] [Render thread/INFO]: Created: 512x256x0 minecraft:textures/atlas/chest.png-atlas
[11:32:09] [Render thread/INFO]: Created: 512x512x0 minecraft:textures/atlas/banner_patterns.png-atlas
[11:32:09] [Render thread/INFO]: Created: 512x256x0 minecraft:textures/atlas/beds.png-atlas
[11:32:09] [Render thread/INFO]: Created: 1024x1024x0 minecraft:textures/atlas/gui.png-atlas
[11:32:09] [Render thread/INFO]: Created: 64x64x0 minecraft:textures/atlas/map_decorations.png-atlas
[11:32:09] [Render thread/INFO]: Created: 256x256x0 minecraft:textures/atlas/signs.png-atlas
[11:32:09] [Render thread/INFO]: Created: 512x256x0 minecraft:textures/atlas/shulker_boxes.png-atlas
[11:32:10] [Render thread/INFO]: Created: 256x256x0 jei:textures/atlas/gui.png-atlas
[11:32:10] [Render thread/INFO]: Rebuilding ingredient filter...
[11:32:10] [Render thread/INFO]: Rebuilding ingredient filter took 459.6 milliseconds
[11:32:10] [Render thread/INFO]: Stopping worker threads
[11:32:10] [Render thread/INFO]: Started 1 worker threads
[11:33:08] [Server thread/INFO]: Saving and pausing game...
[11:33:08] [Server thread/INFO]: Saving chunks for level 'ServerLevel[New World]'/minecraft:overworld
[11:33:08] [Server thread/INFO]: Saving chunks for level 'ServerLevel[New World]'/minecraft:the_end
[11:33:08] [Server thread/INFO]: Saving chunks for level 'ServerLevel[New World]'/minecraft:the_nether
[11:35:03] [Server thread/INFO]: Saving and pausing game...
[11:35:03] [Server thread/INFO]: Saving chunks for level 'ServerLevel[New World]'/minecraft:overworld
[11:35:03] [Server thread/INFO]: Saving chunks for level 'ServerLevel[New World]'/minecraft:the_end
[11:35:03] [Server thread/INFO]: Saving chunks for level 'ServerLevel[New World]'/minecraft:the_nether
[11:35:33] [Server thread/INFO]: Saving and pausing game...
[11:35:33] [Server thread/INFO]: Saving chunks for level 'ServerLevel[New World]'/minecraft:overworld
[11:35:33] [Server thread/INFO]: Saving chunks for level 'ServerLevel[New World]'/minecraft:the_end
[11:35:33] [Server thread/INFO]: Saving chunks for level 'ServerLevel[New World]'/minecraft:the_nether
[11:36:28] [Server thread/INFO]: Saving and pausing game...
[11:36:28] [Server thread/INFO]: Saving chunks for level 'ServerLevel[New World]'/minecraft:overworld
[11:36:28] [Server thread/INFO]: Saving chunks for level 'ServerLevel[New World]'/minecraft:the_end
[11:36:28] [Server thread/INFO]: Saving chunks for level 'ServerLevel[New World]'/minecraft:the_nether
[11:36:39] [Server thread/INFO]: Saving and pausing game...
[11:36:39] [Server thread/INFO]: Saving chunks for level 'ServerLevel[New World]'/minecraft:overworld
[11:36:39] [Server thread/INFO]: Saving chunks for level 'ServerLevel[New World]'/minecraft:the_end
[11:36:39] [Server thread/INFO]: Saving chunks for level 'ServerLevel[New World]'/minecraft:the_nether
[11:37:19] [Server thread/WARN]: Can't keep up! Is the server overloaded? Running 4095ms or 81 ticks behind
[11:37:24] [Server thread/INFO]: Saving and pausing game...
[11:37:24] [Server thread/INFO]: Saving chunks for level 'ServerLevel[New World]'/minecraft:overworld
[11:37:24] [Server thread/INFO]: Saving chunks for level 'ServerLevel[New World]'/minecraft:the_end
[11:37:24] [Server thread/INFO]: Saving chunks for level 'ServerLevel[New World]'/minecraft:the_nether
[11:37:30] [Server thread/INFO]: Saving and pausing game...
[11:37:30] [Server thread/INFO]: Saving chunks for level 'ServerLevel[New World]'/minecraft:overworld
[11:37:30] [Server thread/INFO]: Saving chunks for level 'ServerLevel[New World]'/minecraft:the_end
[11:37:30] [Server thread/INFO]: Saving chunks for level 'ServerLevel[New World]'/minecraft:the_nether
[11:38:15] [Server thread/INFO]: Saving and pausing game...
[11:38:15] [Server thread/INFO]: Saving chunks for level 'ServerLevel[New World]'/minecraft:overworld
[11:38:15] [Server thread/INFO]: Saving chunks for level 'ServerLevel[New World]'/minecraft:the_end
[11:38:15] [Server thread/INFO]: Saving chunks for level 'ServerLevel[New World]'/minecraft:the_nether
[11:38:43] [Server thread/INFO]: Saving and pausing game...
[11:38:43] [Server thread/INFO]: Saving chunks for level 'ServerLevel[New World]'/minecraft:overworld
[11:38:43] [Server thread/INFO]: Saving chunks for level 'ServerLevel[New World]'/minecraft:the_end
[11:38:43] [Server thread/INFO]: Saving chunks for level 'ServerLevel[New World]'/minecraft:the_nether
[11:41:51] [Server thread/INFO]: Saving and pausing game...
[11:41:51] [Server thread/INFO]: Saving chunks for level 'ServerLevel[New World]'/minecraft:overworld
[11:41:51] [Server thread/INFO]: Saving chunks for level 'ServerLevel[New World]'/minecraft:the_end
[11:41:51] [Server thread/INFO]: Saving chunks for level 'ServerLevel[New World]'/minecraft:the_nether
[11:42:32] [Server thread/INFO]: Saving and pausing game...
[11:42:32] [Server thread/INFO]: Saving chunks for level 'ServerLevel[New World]'/minecraft:overworld
[11:42:32] [Server thread/INFO]: Saving chunks for level 'ServerLevel[New World]'/minecraft:the_end
[11:42:32] [Server thread/INFO]: Saving chunks for level 'ServerLevel[New World]'/minecraft:the_nether
[11:42:51] [Server thread/INFO]: Villager class_1646['Librarian'/22, l='ServerLevel[New World]', x=70.06, y=0.00, z=257.42] died, message: 'Librarian was slain by Zombie'
[11:42:53] [Server thread/INFO]: CT_Fluxy has made the advancement [Stone Age]
[11:42:53] [Render thread/INFO]: [System] [CHAT] CT_Fluxy has made the advancement [Stone Age]
[11:42:53] [Render thread/INFO]: Loaded 106 advancements
[11:42:53] [Render thread/INFO]: Loaded 112 advancements
[11:42:55] [Render thread/INFO]: Loaded 115 advancements
[11:43:00] [Render thread/INFO]: Loaded 126 advancements
[11:43:17] [Render thread/INFO]: Loaded 142 advancements
[11:44:25] [Server thread/INFO]: Saving and pausing game...
[11:44:25] [Server thread/INFO]: Saving chunks for level 'ServerLevel[New World]'/minecraft:overworld
[11:44:25] [Server thread/INFO]: Saving chunks for level 'ServerLevel[New World]'/minecraft:the_end
[11:44:25] [Server thread/INFO]: Saving chunks for level 'ServerLevel[New World]'/minecraft:the_nether
[11:44:31] [Server thread/INFO]: Saving and pausing game...
[11:44:31] [Server thread/INFO]: Saving chunks for level 'ServerLevel[New World]'/minecraft:overworld
[11:44:31] [Server thread/INFO]: Saving chunks for level 'ServerLevel[New World]'/minecraft:the_end
[11:44:31] [Server thread/INFO]: Saving chunks for level 'ServerLevel[New World]'/minecraft:the_nether
[11:45:38] [Server thread/INFO]: CT_Fluxy has made the advancement [Sweet Dreams]
[11:45:38] [Render thread/INFO]: [System] [CHAT] Respawn point set
[11:45:38] [Render thread/INFO]: [System] [CHAT] CT_Fluxy has made the advancement [Sweet Dreams]
[11:45:38] [Render thread/INFO]: Loaded 142 advancements
[11:45:43] [Server thread/INFO]: [Not Secure] <CT_Fluxy> qzzzzzzzzzzzzzzzzzz
[11:45:43] [Render thread/INFO]: [CHAT] <CT_Fluxy> qzzzzzzzzzzzzzzzzzz
[11:46:05] [Server thread/INFO]: Saving and pausing game...
[11:46:05] [Server thread/INFO]: Saving chunks for level 'ServerLevel[New World]'/minecraft:overworld
[11:46:05] [Server thread/INFO]: Saving chunks for level 'ServerLevel[New World]'/minecraft:the_end
[11:46:05] [Server thread/INFO]: Saving chunks for level 'ServerLevel[New World]'/minecraft:the_nether
[11:48:51] [Render thread/INFO]: LitematicaSchematic: executing Vanilla DataFixer for Tile Entities DataVersion 3955 -> 4556
[11:48:51] [Render thread/INFO]: LitematicaSchematic: executing Vanilla DataFixer for Entities DataVersion 3955 -> 4556
[11:48:51] [Render thread/INFO]: LitematicaSchematic: executing Vanilla DataFixer for Block State Palette DataVersion 3955 -> 4556
[11:48:51] [Render thread/INFO]: Resizing Dynamic Transforms UBO, capacity limit of 64 reached during a single frame. New capacity will be 128.
[11:49:49] [Server thread/INFO]: Saving and pausing game...
[11:49:49] [Server thread/INFO]: Saving chunks for level 'ServerLevel[New World]'/minecraft:overworld
[11:49:49] [Server thread/INFO]: Saving chunks for level 'ServerLevel[New World]'/minecraft:the_end
[11:49:49] [Server thread/INFO]: Saving chunks for level 'ServerLevel[New World]'/minecraft:the_nether
[11:51:15] [Server thread/WARN]: Can't keep up! Is the server overloaded? Running 4250ms or 85 ticks behind
[11:51:38] [Render thread/INFO]: Loaded 142 advancements
[11:51:40] [Render thread/INFO]: Loaded 144 advancements
[11:52:08] [Render thread/INFO]: [System] [CHAT] The base value for attribute Attack Damage for entity CT_Fluxy set to 9999999.0
[11:52:10] [Render thread/INFO]: Loaded 144 advancements
[11:52:26] [Render thread/INFO]: [System] [CHAT] The base value for attribute Entity Interaction Range for entity CT_Fluxy set to 99999.0
[11:52:33] [Render thread/INFO]: Loaded 144 advancements
[11:52:34] [Render thread/INFO]: Loaded 144 advancements
[11:52:39] [Render thread/INFO]: Loaded 144 advancements
[11:52:52] [Server thread/INFO]: [CT_Fluxy: Set own game mode to Survival Mode]
[11:52:52] [Render thread/INFO]: [System] [CHAT] Set own game mode to Survival Mode
[11:52:55] [Render thread/INFO]: Loaded 153 advancements
[11:53:10] [Render thread/INFO]: Loaded 154 advancements
[11:53:12] [Render thread/INFO]: Loaded 154 advancements
[11:53:49] [Render thread/INFO]: Loaded 155 advancements
[11:54:22] [Render thread/INFO]: Loaded 156 advancements
[11:54:23] [Server thread/INFO]: [CT_Fluxy: Set own game mode to Creative Mode]
[11:54:23] [Render thread/INFO]: [System] [CHAT] Set own game mode to Creative Mode
[11:57:34] [Render thread/INFO]: LitematicaSchematic: executing Vanilla DataFixer for Tile Entities DataVersion 3955 -> 4556
[11:57:34] [Render thread/INFO]: LitematicaSchematic: executing Vanilla DataFixer for Entities DataVersion 3955 -> 4556
[11:57:34] [Render thread/INFO]: LitematicaSchematic: executing Vanilla DataFixer for Block State Palette DataVersion 3955 -> 4556
[12:00:28] [Server thread/INFO]: Saving and pausing game...
[12:00:28] [Server thread/INFO]: Saving chunks for level 'ServerLevel[New World]'/minecraft:overworld
[12:00:28] [Server thread/INFO]: Saving chunks for level 'ServerLevel[New World]'/minecraft:the_end
[12:00:28] [Server thread/INFO]: Saving chunks for level 'ServerLevel[New World]'/minecraft:the_nether
[12:00:31] [Server thread/INFO]: Saving and pausing game...
[12:00:31] [Server thread/INFO]: Saving chunks for level 'ServerLevel[New World]'/minecraft:overworld
[12:00:32] [Server thread/INFO]: Saving chunks for level 'ServerLevel[New World]'/minecraft:the_end
[12:00:32] [Server thread/INFO]: Saving chunks for level 'ServerLevel[New World]'/minecraft:the_nether
[12:01:02] [Render thread/WARN]: Class xaero.hud.minimap.radar.icon.creator.render.form.model.part.RadarIconModelPartPrerenderer$VertexConsumerWrapper does not support optimized vertex writing code paths, which may cause reduced rendering performance
[12:01:07] [Server thread/INFO]: Saving and pausing game...
[12:01:07] [Server thread/INFO]: Saving chunks for level 'ServerLevel[New World]'/minecraft:overworld
[12:01:07] [Server thread/INFO]: Saving chunks for level 'ServerLevel[New World]'/minecraft:the_end
[12:01:07] [Server thread/INFO]: Saving chunks for level 'ServerLevel[New World]'/minecraft:the_nether
[12:01:07] [Render thread/INFO]: Xaero hud session finalized.
[12:01:07] [Render thread/INFO]: Finalizing world map session...
[12:01:07] [Server thread/INFO]: CT_Fluxy lost connection: Disconnected
[12:01:07] [Server thread/INFO]: CT_Fluxy left the game
[12:01:07] [Thread-3/INFO]: World map force-cleaned!
[12:01:07] [Server thread/INFO]: Stopping singleplayer server as player logged out
[12:01:07] [Server thread/INFO]: Stopping server
[12:01:07] [Server thread/INFO]: Saving players
[12:01:07] [Server thread/INFO]: Saving worlds
[12:01:07] [Render thread/INFO]: World map session finalized.
[12:01:08] [Server thread/INFO]: Saving chunks for level 'ServerLevel[New World]'/minecraft:overworld
[12:01:10] [Server thread/INFO]: Saving chunks for level 'ServerLevel[New World]'/minecraft:the_end
[12:01:10] [Server thread/INFO]: Saving chunks for level 'ServerLevel[New World]'/minecraft:the_nether
[12:01:10] [Server thread/INFO]: ThreadedAnvilChunkStorage (New World): All chunks are saved
[12:01:10] [Server thread/INFO]: ThreadedAnvilChunkStorage (DIM1): All chunks are saved
[12:01:10] [Server thread/INFO]: ThreadedAnvilChunkStorage (DIM-1): All chunks are saved
[12:01:10] [Server thread/INFO]: ThreadedAnvilChunkStorage: All dimensions are saved
[12:01:10] [Render thread/INFO]: Stopping worker threads
[12:01:14] [Render thread/INFO]: Deleting level New World
[12:01:14] [Render thread/INFO]: Attempt 1...
[12:01:14] [Render thread/INFO]: Deleted minimap world data at C:\Users\Lenny\curseforge\minecraft\Instances\1.21.10 Cleaned\xaero\minimap\New World
[12:01:14] [Render thread/INFO]: Deleted world map cache at C:\Users\Lenny\curseforge\minecraft\Instances\1.21.10 Cleaned\xaero\world-map\New World
[12:01:17] [Render thread/INFO]: Loaded 1461 recipes
[12:01:17] [Render thread/INFO]: Loaded 1574 advancements
[12:01:17] [Render thread/INFO]: Stopping JEI
[12:01:17] [Render thread/INFO]: Stopping JEI
[12:01:17] [Render thread/INFO]: Sending Runtime Unavailable...
[12:01:17] [Render thread/INFO]: Stopping JEI GUI
[12:01:17] [Render thread/INFO]: Sending Runtime Unavailable took 3.302 milliseconds
[12:01:17] [Render thread/ERROR]: Failed to start JEI, there is no Minecraft client level.
[12:01:22] [Render thread/ERROR]: Can't ping fluflu.aternos.me:24125: Internal Exception: java.net.SocketException: Connection reset
[12:01:34] [Render thread/INFO]: Stopping!
